###############################################################################
#
# IAR ANSI C/C++ Compiler V7.30.4.8167/W32 for ARM        10/Mar/2015  13:08:40
# Copyright 1999-2014 IAR Systems AB.
#
#    Cpu mode     =  thumb
#    Endian       =  little
#    Source file  =  
#        C:\Users\Rex\Desktop\Github\trunk\Projects
#        V2\platform\STM32L1XX\clock.c
#    Command line =  
#        "C:\Users\Rex\Desktop\Github\trunk\Projects
#        V2\platform\STM32L1XX\clock.c" -D USE_STDPERIPH_DRIVER -D STM32L1XX_MD
#        -D SYSCLK_FREQ_HSI_32MHz -D ENABLE_USB -D ENABLE_USB_PRINTF -D
#        CLIENT=1 -lcN "C:\Users\Rex\Desktop\Github\trunk\Projects
#        V2\Project\BLE_Chat_Client\EWARM\Client\List\" --diag_suppress Pa050
#        -o "C:\Users\Rex\Desktop\Github\trunk\Projects
#        V2\Project\BLE_Chat_Client\EWARM\Client\Obj\" --debug --endian=little
#        --cpu=Cortex-M3 -e --fpu=None --dlib_config "C:\Program Files
#        (x86)\IAR Systems\Embedded Workbench
#        7.0\arm\INC\c\DLib_Config_Normal.h" -I
#        "C:\Users\Rex\Desktop\Github\trunk\Projects
#        V2\Project\BLE_Chat_Client\EWARM\..\inc\" -I
#        "C:\Users\Rex\Desktop\Github\trunk\Projects
#        V2\Project\BLE_Chat_Client\EWARM\..\..\..\Bluetooth
#        LE\SimpleBlueNRG_HCI\" -I "C:\Users\Rex\Desktop\Github\trunk\Projects
#        V2\Project\BLE_Chat_Client\EWARM\..\..\..\Bluetooth
#        LE\SimpleBlueNRG_HCI\includes\" -I
#        "C:\Users\Rex\Desktop\Github\trunk\Projects
#        V2\Project\BLE_Chat_Client\EWARM\..\..\..\platform\STM32L1XX\" -I
#        "C:\Users\Rex\Desktop\Github\trunk\Projects
#        V2\Project\BLE_Chat_Client\EWARM\..\..\..\platform\STM32L1XX\Libraries\"
#        -I "C:\Users\Rex\Desktop\Github\trunk\Projects
#        V2\Project\BLE_Chat_Client\EWARM\..\..\..\platform\STM32L1XX\Libraries\CMSIS\CM3\DeviceSupport\ST\STM32L1xx\"
#        -I "C:\Users\Rex\Desktop\Github\trunk\Projects
#        V2\Project\BLE_Chat_Client\EWARM\..\..\..\platform\STM32L1XX\Libraries\STM32_USB-FS-Device_Driver\inc\"
#        -I "C:\Users\Rex\Desktop\Github\trunk\Projects
#        V2\Project\BLE_Chat_Client\EWARM\..\..\..\platform\STM32L1XX\Libraries\STM32L1xx_StdPeriph_Driver\inc\"
#        -I "C:\Users\Rex\Desktop\Github\trunk\Projects
#        V2\Project\BLE_Chat_Client\EWARM\..\..\..\platform\STM32L1XX\Libraries\I2C\inc\"
#        -I "C:\Users\Rex\Desktop\Github\trunk\Projects
#        V2\Project\BLE_Chat_Client\EWARM\..\..\..\platform\STM32L1XX\Libraries\LIS3DH\inc\"
#        -I "C:\Users\Rex\Desktop\Github\trunk\Projects
#        V2\Project\BLE_Chat_Client\EWARM\..\..\..\platform\STM32L1XX\Libraries\STLM75\inc\"
#        -I "C:\Users\Rex\Desktop\Github\trunk\Projects
#        V2\Project\BLE_Chat_Client\EWARM\..\..\..\platform\STM32L1XX\Libraries\HTS221\inc\"
#        -I "C:\Users\Rex\Desktop\Github\trunk\Projects
#        V2\Project\BLE_Chat_Client\EWARM\..\..\..\platform\STM32L1XX\Libraries\LPS25H\inc\"
#        -I "C:\Users\Rex\Desktop\Github\trunk\Projects
#        V2\Project\BLE_Chat_Client\EWARM\..\..\..\platform\STM32L1XX\Libraries\SDK_Eval_STM32L\inc\"
#        -Ohs --use_c++_inline -I "C:\Program Files (x86)\IAR Systems\Embedded
#        Workbench 7.0\arm\CMSIS\Include\"
#    List file    =  
#        C:\Users\Rex\Desktop\Github\trunk\Projects
#        V2\Project\BLE_Chat_Client\EWARM\Client\List\clock.lst
#    Object file  =  
#        C:\Users\Rex\Desktop\Github\trunk\Projects
#        V2\Project\BLE_Chat_Client\EWARM\Client\Obj\clock.o
#
###############################################################################

C:\Users\Rex\Desktop\Github\trunk\Projects V2\platform\STM32L1XX\clock.c
      1          #include "clock.h"
      2          #include "hal.h"
      3          
      4          /* Added define for clock settings */
      5          #include "SDK_EVAL_Clock.h"
      6          
      7          #include "stm32l1xx_systick.h"
      8          
      9          // The value that will be load in the SysTick value register.
     10          #define RELOAD_VALUE        (SYSCLK_FREQ/1000000)-1   // One clock each 1 ms
     11          #define RELOAD_VALUE_SLEEP  (SYSCLK_FREQ_SLEEP/1000000)-1   // One clock each 1 ms
     12          
     13          static volatile tClockTime count = 0;
     14          
     15          const uint32_t CLOCK_SECOND = 1000000;
     16          
     17          /*---------------------------------------------------------------------------*/
     18          void SysTick_Handler(void)
     19          {
     20            count++;
     21          }
     22          
     23          /*---------------------------------------------------------------------------*/
     24          
     25          void Clock_Init(void)
     26          {
     27            ATOMIC_SECTION_BEGIN();
     28          
     29            SysTick_CLKSourceConfig(SysTick_CLKSource_HCLK);
     30            SysTick_SetReload(RELOAD_VALUE);
     31            SysTick_CounterCmd(SysTick_Counter_Enable);
     32            SysTick_ITConfig(ENABLE);
     33          
     34            ATOMIC_SECTION_END();
     35          }
     36          
     37          void Clock_Suspend(void)
     38          {
     39            SysTick->CTRL = 0;
     40            SysTick_CounterCmd(SysTick_Counter_Clear);
     41          }
     42          
     43          void Clock_Resume(Clock_TypeDef ClockType)
     44          {
     45            uint32_t reload_value;
     46            
     47            if(ClockType == CLOCK_SLEEP){
     48              reload_value = RELOAD_VALUE_SLEEP;
     49            }
     50            else {
     51              reload_value = RELOAD_VALUE;
     52            }  
     53            
     54            SysTick_CLKSourceConfig(SysTick_CLKSource_HCLK);
     55            SysTick_SetReload(reload_value);
     56            SysTick_CounterCmd(SysTick_Counter_Enable);
     57            SysTick_ITConfig(ENABLE);
     58          }
     59          
     60          /*---------------------------------------------------------------------------*/
     61          
     62          tClockTime Clock_Time(void)
     63          {
     64            return count;
     65          }
     66          
     67          /*---------------------------------------------------------------------------*/
     68          /**
     69           * Wait for a multiple of 1 ms.
     70           *
     71           */
     72          void Clock_Wait(uint32_t i)
     73          {
     74            tClockTime start;
     75          
     76            start = Clock_Time();
     77            while(Clock_Time() - start < (tClockTime)(i*1000));
     78          }
     79          /*---------------------------------------------------------------------------*/
     80          

   Maximum stack usage in bytes:

   .cstack Function
   ------- --------
       8   Clock_Init
         8   -> SysTick_CLKSourceConfig
         8   -> SysTick_CounterCmd
         8   -> SysTick_ITConfig
         8   -> SysTick_SetReload
       8   Clock_Resume
         8   -> SysTick_CLKSourceConfig
         8   -> SysTick_CounterCmd
         0   -> SysTick_ITConfig
         8   -> SysTick_SetReload
       0   Clock_Suspend
         0   -> SysTick_CounterCmd
       0   Clock_Time
       0   Clock_Wait
       0   SysTick_Handler


   Section sizes:

   Bytes  Function/Label
   -----  --------------
       4  ??DataTable4
       4  ??DataTable4_1
       4  CLOCK_SECOND
      38  Clock_Init
      40  Clock_Resume
      10  Clock_Suspend
       6  Clock_Time
      20  Clock_Wait
      10  SysTick_Handler
       4  count

 
   4 bytes in section .bss
   4 bytes in section .rodata
 132 bytes in section .text
 
 132 bytes of CODE  memory
   4 bytes of CONST memory
   4 bytes of DATA  memory

Errors: none
Warnings: none
