###############################################################################
#
# IAR ANSI C/C++ Compiler V7.30.1.7746/W32 for ARM        12/Feb/2015  23:57:51
# Copyright 1999-2014 IAR Systems AB.
#
#    Cpu mode     =  thumb
#    Endian       =  little
#    Source file  =  
#        C:\Users\Matthew\Documents\2014 - 2015\Senior Project\Bluetooth
#        code\Projects V2\Project\BLE_Chat_Client\src\devices.c
#    Command line =  
#        "C:\Users\Matthew\Documents\2014 - 2015\Senior Project\Bluetooth
#        code\Projects V2\Project\BLE_Chat_Client\src\devices.c" -D
#        USE_STDPERIPH_DRIVER -D STM32L1XX_MD -D SYSCLK_FREQ_HSI_32MHz -D
#        ENABLE_USB -D ENABLE_USB_PRINTF -D CLIENT=1 -lcN
#        "C:\Users\Matthew\Documents\2014 - 2015\Senior Project\Bluetooth
#        code\Projects V2\Project\BLE_Chat_Client\EWARM\Client\List\"
#        --diag_suppress Pa050 -o "C:\Users\Matthew\Documents\2014 -
#        2015\Senior Project\Bluetooth code\Projects
#        V2\Project\BLE_Chat_Client\EWARM\Client\Obj\" --debug --endian=little
#        --cpu=Cortex-M3 -e --fpu=None --dlib_config "C:\Program Files
#        (x86)\IAR Systems\Embedded Workbench
#        7.0\arm\INC\c\DLib_Config_Normal.h" -I
#        "C:\Users\Matthew\Documents\2014 - 2015\Senior Project\Bluetooth
#        code\Projects V2\Project\BLE_Chat_Client\EWARM\..\inc\" -I
#        "C:\Users\Matthew\Documents\2014 - 2015\Senior Project\Bluetooth
#        code\Projects V2\Project\BLE_Chat_Client\EWARM\..\..\..\Bluetooth
#        LE\SimpleBlueNRG_HCI\" -I "C:\Users\Matthew\Documents\2014 -
#        2015\Senior Project\Bluetooth code\Projects
#        V2\Project\BLE_Chat_Client\EWARM\..\..\..\Bluetooth
#        LE\SimpleBlueNRG_HCI\includes\" -I "C:\Users\Matthew\Documents\2014 -
#        2015\Senior Project\Bluetooth code\Projects
#        V2\Project\BLE_Chat_Client\EWARM\..\..\..\platform\STM32L1XX\" -I
#        "C:\Users\Matthew\Documents\2014 - 2015\Senior Project\Bluetooth
#        code\Projects
#        V2\Project\BLE_Chat_Client\EWARM\..\..\..\platform\STM32L1XX\Libraries\"
#        -I "C:\Users\Matthew\Documents\2014 - 2015\Senior Project\Bluetooth
#        code\Projects
#        V2\Project\BLE_Chat_Client\EWARM\..\..\..\platform\STM32L1XX\Libraries\CMSIS\CM3\DeviceSupport\ST\STM32L1xx\"
#        -I "C:\Users\Matthew\Documents\2014 - 2015\Senior Project\Bluetooth
#        code\Projects
#        V2\Project\BLE_Chat_Client\EWARM\..\..\..\platform\STM32L1XX\Libraries\STM32_USB-FS-Device_Driver\inc\"
#        -I "C:\Users\Matthew\Documents\2014 - 2015\Senior Project\Bluetooth
#        code\Projects
#        V2\Project\BLE_Chat_Client\EWARM\..\..\..\platform\STM32L1XX\Libraries\STM32L1xx_StdPeriph_Driver\inc\"
#        -I "C:\Users\Matthew\Documents\2014 - 2015\Senior Project\Bluetooth
#        code\Projects
#        V2\Project\BLE_Chat_Client\EWARM\..\..\..\platform\STM32L1XX\Libraries\I2C\inc\"
#        -I "C:\Users\Matthew\Documents\2014 - 2015\Senior Project\Bluetooth
#        code\Projects
#        V2\Project\BLE_Chat_Client\EWARM\..\..\..\platform\STM32L1XX\Libraries\LIS3DH\inc\"
#        -I "C:\Users\Matthew\Documents\2014 - 2015\Senior Project\Bluetooth
#        code\Projects
#        V2\Project\BLE_Chat_Client\EWARM\..\..\..\platform\STM32L1XX\Libraries\STLM75\inc\"
#        -I "C:\Users\Matthew\Documents\2014 - 2015\Senior Project\Bluetooth
#        code\Projects
#        V2\Project\BLE_Chat_Client\EWARM\..\..\..\platform\STM32L1XX\Libraries\HTS221\inc\"
#        -I "C:\Users\Matthew\Documents\2014 - 2015\Senior Project\Bluetooth
#        code\Projects
#        V2\Project\BLE_Chat_Client\EWARM\..\..\..\platform\STM32L1XX\Libraries\LPS25H\inc\"
#        -I "C:\Users\Matthew\Documents\2014 - 2015\Senior Project\Bluetooth
#        code\Projects
#        V2\Project\BLE_Chat_Client\EWARM\..\..\..\platform\STM32L1XX\Libraries\SDK_Eval_STM32L\inc\"
#        -Ohs --use_c++_inline -I "C:\Program Files (x86)\IAR Systems\Embedded
#        Workbench 7.0\arm\CMSIS\Include\"
#    List file    =  
#        C:\Users\Matthew\Documents\2014 - 2015\Senior Project\Bluetooth
#        code\Projects V2\Project\BLE_Chat_Client\EWARM\Client\List\devices.lst
#    Object file  =  
#        C:\Users\Matthew\Documents\2014 - 2015\Senior Project\Bluetooth
#        code\Projects V2\Project\BLE_Chat_Client\EWARM\Client\Obj\devices.o
#
###############################################################################

C:\Users\Matthew\Documents\2014 - 2015\Senior Project\Bluetooth code\Projects V2\Project\BLE_Chat_Client\src\devices.c
      1          #include "devices.h"
      2          #include <string.h>
      3          
      4          /**
      5            * @brief  Initializes the slaves array with the corresponding addresses
      6            * @param  None 
      7            * @retval None
      8            */
      9          void initDevices(void)
     10          {
     11            memcpy(slave1.bdaddr,slave1_addr,sizeof(tBDAddr));
     12            memcpy(slave2.bdaddr,slave2_addr,sizeof(tBDAddr));
     13            slaves[0] = slave1;
     14            slaves[1] = slave2;
     15          }

   Maximum stack usage in bytes:

   .cstack Function
   ------- --------
      16   initDevices
         0   -> __aeabi_memcpy
        16   -> __aeabi_memcpy


   Section sizes:

   Bytes  Function/Label
   -----  --------------
       4  ??DataTable1
       4  ??DataTable1_1
       4  ??DataTable1_2
       4  ??DataTable1_3
      58  initDevices
       4  num_slaves
      16  slave1_addr
          slave2_addr

 
 16 bytes in section .data
  4 bytes in section .rodata
 74 bytes in section .text
 
 74 bytes of CODE  memory
  4 bytes of CONST memory
 16 bytes of DATA  memory

Errors: none
Warnings: none
