###############################################################################
#
# IAR ANSI C/C++ Compiler V7.30.4.8167/W32 for ARM        18/Mar/2015  14:22:45
# Copyright 1999-2014 IAR Systems AB.
#
#    Cpu mode     =  thumb
#    Endian       =  little
#    Source file  =  
#        C:\Users\Rex\Desktop\Github\STNRGBluetoothmultiplestuffsync\Projects
#        V2\Project\BLE_Chat_Client\src\gatt_db.c
#    Command line =  
#        "C:\Users\Rex\Desktop\Github\STNRGBluetoothmultiplestuffsync\Projects
#        V2\Project\BLE_Chat_Client\src\gatt_db.c" -D USE_STDPERIPH_DRIVER -D
#        STM32L1XX_MD -D SYSCLK_FREQ_HSI_32MHz -D ENABLE_USB -D
#        ENABLE_USB_PRINTF -D CLIENT=1 -lcN
#        "C:\Users\Rex\Desktop\Github\STNRGBluetoothmultiplestuffsync\Projects
#        V2\Project\BLE_Chat_Client\EWARM\Client\List\" --diag_suppress Pa050
#        -o
#        "C:\Users\Rex\Desktop\Github\STNRGBluetoothmultiplestuffsync\Projects
#        V2\Project\BLE_Chat_Client\EWARM\Client\Obj\" --debug --endian=little
#        --cpu=Cortex-M3 -e --fpu=None --dlib_config "C:\Program Files
#        (x86)\IAR Systems\Embedded Workbench
#        7.0\arm\INC\c\DLib_Config_Normal.h" -I
#        "C:\Users\Rex\Desktop\Github\STNRGBluetoothmultiplestuffsync\Projects
#        V2\Project\BLE_Chat_Client\EWARM\..\inc\" -I
#        "C:\Users\Rex\Desktop\Github\STNRGBluetoothmultiplestuffsync\Projects
#        V2\Project\BLE_Chat_Client\EWARM\..\..\..\Bluetooth
#        LE\SimpleBlueNRG_HCI\" -I
#        "C:\Users\Rex\Desktop\Github\STNRGBluetoothmultiplestuffsync\Projects
#        V2\Project\BLE_Chat_Client\EWARM\..\..\..\Bluetooth
#        LE\SimpleBlueNRG_HCI\includes\" -I
#        "C:\Users\Rex\Desktop\Github\STNRGBluetoothmultiplestuffsync\Projects
#        V2\Project\BLE_Chat_Client\EWARM\..\..\..\platform\STM32L1XX\" -I
#        "C:\Users\Rex\Desktop\Github\STNRGBluetoothmultiplestuffsync\Projects
#        V2\Project\BLE_Chat_Client\EWARM\..\..\..\platform\STM32L1XX\Libraries\"
#        -I
#        "C:\Users\Rex\Desktop\Github\STNRGBluetoothmultiplestuffsync\Projects
#        V2\Project\BLE_Chat_Client\EWARM\..\..\..\platform\STM32L1XX\Libraries\CMSIS\CM3\DeviceSupport\ST\STM32L1xx\"
#        -I
#        "C:\Users\Rex\Desktop\Github\STNRGBluetoothmultiplestuffsync\Projects
#        V2\Project\BLE_Chat_Client\EWARM\..\..\..\platform\STM32L1XX\Libraries\STM32_USB-FS-Device_Driver\inc\"
#        -I
#        "C:\Users\Rex\Desktop\Github\STNRGBluetoothmultiplestuffsync\Projects
#        V2\Project\BLE_Chat_Client\EWARM\..\..\..\platform\STM32L1XX\Libraries\STM32L1xx_StdPeriph_Driver\inc\"
#        -I
#        "C:\Users\Rex\Desktop\Github\STNRGBluetoothmultiplestuffsync\Projects
#        V2\Project\BLE_Chat_Client\EWARM\..\..\..\platform\STM32L1XX\Libraries\I2C\inc\"
#        -I
#        "C:\Users\Rex\Desktop\Github\STNRGBluetoothmultiplestuffsync\Projects
#        V2\Project\BLE_Chat_Client\EWARM\..\..\..\platform\STM32L1XX\Libraries\LIS3DH\inc\"
#        -I
#        "C:\Users\Rex\Desktop\Github\STNRGBluetoothmultiplestuffsync\Projects
#        V2\Project\BLE_Chat_Client\EWARM\..\..\..\platform\STM32L1XX\Libraries\STLM75\inc\"
#        -I
#        "C:\Users\Rex\Desktop\Github\STNRGBluetoothmultiplestuffsync\Projects
#        V2\Project\BLE_Chat_Client\EWARM\..\..\..\platform\STM32L1XX\Libraries\HTS221\inc\"
#        -I
#        "C:\Users\Rex\Desktop\Github\STNRGBluetoothmultiplestuffsync\Projects
#        V2\Project\BLE_Chat_Client\EWARM\..\..\..\platform\STM32L1XX\Libraries\LPS25H\inc\"
#        -I
#        "C:\Users\Rex\Desktop\Github\STNRGBluetoothmultiplestuffsync\Projects
#        V2\Project\BLE_Chat_Client\EWARM\..\..\..\platform\STM32L1XX\Libraries\SDK_Eval_STM32L\inc\"
#        -Ohs --use_c++_inline -I "C:\Program Files (x86)\IAR Systems\Embedded
#        Workbench 7.0\arm\CMSIS\Include\"
#    List file    =  
#        C:\Users\Rex\Desktop\Github\STNRGBluetoothmultiplestuffsync\Projects
#        V2\Project\BLE_Chat_Client\EWARM\Client\List\gatt_db.lst
#    Object file  =  
#        C:\Users\Rex\Desktop\Github\STNRGBluetoothmultiplestuffsync\Projects
#        V2\Project\BLE_Chat_Client\EWARM\Client\Obj\gatt_db.o
#
###############################################################################

C:\Users\Rex\Desktop\Github\STNRGBluetoothmultiplestuffsync\Projects V2\Project\BLE_Chat_Client\src\gatt_db.c
      1          #include "hal_types.h"
      2          #include "gatt_server.h"
      3          #include "gap.h"
      4          #include "string.h"
      5          #include "bluenrg_aci.h"
      6          #include "bluenrg_aci_const.h"
      7          #include "app_state.h"
      8          #include <stdio.h>
      9          
     10          
     11          #ifndef DEBUG
     12          #define DEBUG 1
     13          #endif
     14          
     15          #if DEBUG
     16          #include <stdio.h>
     17          #define PRINTF(...) printf(__VA_ARGS__)
     18          #else
     19          #define PRINTF(...)
     20          #endif
     21          
     22          
     23          #define COPY_UUID_128(uuid_struct, uuid_15, uuid_14, uuid_13, uuid_12, uuid_11, uuid_10, uuid_9, uuid_8, uuid_7, uuid_6, uuid_5, uuid_4, uuid_3, uuid_2, uuid_1, uuid_0) \
     24            do {\
     25            	uuid_struct.uuid128[0] = uuid_0; uuid_struct.uuid128[1] = uuid_1; uuid_struct.uuid128[2] = uuid_2; uuid_struct.uuid128[3] = uuid_3; \
     26          	uuid_struct.uuid128[4] = uuid_4; uuid_struct.uuid128[5] = uuid_5; uuid_struct.uuid128[6] = uuid_6; uuid_struct.uuid128[7] = uuid_7; \
     27          	uuid_struct.uuid128[8] = uuid_8; uuid_struct.uuid128[9] = uuid_9; uuid_struct.uuid128[10] = uuid_10; uuid_struct.uuid128[11] = uuid_11; \
     28          	uuid_struct.uuid128[12] = uuid_12; uuid_struct.uuid128[13] = uuid_13; uuid_struct.uuid128[14] = uuid_14; uuid_struct.uuid128[15] = uuid_15; \
     29          	}while(0)
     30          
     31          uint16_t chatServHandle, TXCharHandle, RXCharHandle;
     32          
     33          /*******************************************************************************
     34          * Function Name  : Add_Chat_Service
     35          * Description    : Add the 'Accelerometer' service.
     36          * Input          : None
     37          * Return         : Status.
     38          *******************************************************************************/
     39          tBleStatus Add_Chat_Service(void)
     40          {
     41            	tBleStatus ret;
     42              
     43              /*
     44              UUIDs:
     45              D973F2E0-B19E-11E2-9E96-0800200C9A66
     46              D973F2E1-B19E-11E2-9E96-0800200C9A66
     47              D973F2E2-B19E-11E2-9E96-0800200C9A66
     48              */
     49              
     50              const uint8_t service_uuid[16] = {0x66,0x9a,0x0c,0x20,0x00,0x08,0x96,0x9e,0xe2,0x11,0x9e,0xb1,0xe0,0xf2,0x73,0xd9};
     51              const uint8_t charUuidTX[16] = {0x66,0x9a,0x0c,0x20,0x00,0x08,0x96,0x9e,0xe2,0x11,0x9e,0xb1,0xe1,0xf2,0x73,0xd9};
     52              const uint8_t charUuidRX[16] = {0x66,0x9a,0x0c,0x20,0x00,0x08,0x96,0x9e,0xe2,0x11,0x9e,0xb1,0xe2,0xf2,0x73,0xd9};
     53              
     54              ret = aci_gatt_add_serv(UUID_TYPE_128, service_uuid, PRIMARY_SERVICE, 7, &chatServHandle); /* original is 9?? */    //Add the chat service
     55              if (ret != BLE_STATUS_SUCCESS) goto fail;    
     56                  
     57              ret =  aci_gatt_add_char(chatServHandle, UUID_TYPE_128, charUuidTX, 20, CHAR_PROP_NOTIFY, ATTR_PERMISSION_NONE, 0,
     58                                16, 1, &TXCharHandle);    //Add the TX characteristic (used by the server to send messages to the client)
     59              if (ret != BLE_STATUS_SUCCESS) goto fail;
     60              
     61              ret =  aci_gatt_add_char(chatServHandle, UUID_TYPE_128, charUuidRX, 20, CHAR_PROP_WRITE|CHAR_PROP_WRITE_WITHOUT_RESP, ATTR_PERMISSION_NONE, GATT_NOTIFY_ATTRIBUTE_WRITE,
     62                                16, 1, &RXCharHandle);    //Add the RX characteristic (used by the client to send messages to the server)
     63              if (ret != BLE_STATUS_SUCCESS) goto fail;
     64              
     65          	PRINTF("Chat Service added.\nTX Char Handle %04X, RX Char Handle %04X\n", TXCharHandle, RXCharHandle);
     66          	return BLE_STATUS_SUCCESS; 
     67          	
     68          fail:
     69            	PRINTF("Error while adding Chat service.\n");
     70          	return BLE_STATUS_ERROR ;
     71          }
     72          
     73          
     74          void Attribute_Modified_CB(uint16_t handle, uint8_t data_length, uint8_t *att_data)
     75          {
     76              if(handle == RXCharHandle + 1){
     77                printf("reveived-c: ");
     78                  for(int i = 0; i < data_length; i++)
     79                    printf("%c", att_data[i]);
     80                  printf("\r\n");
     81              }
     82                else if(handle == TXCharHandle + 2){        
     83                  if(att_data[0] == 0x01)
     84                      APP_FLAG_SET(NOTIFICATIONS_ENABLED);
     85              }
     86          }
     87          
     88          

   Maximum stack usage in bytes:

   .cstack Function
   ------- --------
      88   Add_Chat_Service
        88   -> aci_gatt_add_char
        88   -> aci_gatt_add_serv
        88   -> printf
      16   Attribute_Modified_CB
         0   -> printf
        16   -> printf


   Section sizes:

   Bytes  Function/Label
   -----  --------------
       4  ??DataTable9
       4  ??DataTable9_1
       4  ??DataTable9_2
       4  ??DataTable9_3
      16  ?_0
      16  ?_1
      16  ?_2
      64  ?_3
      36  ?_4
      16  ?_5
       4  ?_6
       4  ?_7
     158  Add_Chat_Service
      78  Attribute_Modified_CB
       6  chatServHandle
          TXCharHandle
          RXCharHandle

 
   6 bytes in section .bss
   8 bytes in section .rodata
 416 bytes in section .text
 
 416 bytes of CODE  memory
   8 bytes of CONST memory
   6 bytes of DATA  memory

Errors: none
Warnings: none
