###############################################################################
#
# IAR ANSI C/C++ Compiler V7.30.4.8167/W32 for ARM        12/Mar/2015  12:22:13
# Copyright 1999-2014 IAR Systems AB.
#
#    Cpu mode     =  thumb
#    Endian       =  little
#    Source file  =  
#        C:\Users\Rex\Desktop\Github\trunk\Projects V2\platform\STM32L1XX\hal.c
#    Command line =  
#        "C:\Users\Rex\Desktop\Github\trunk\Projects
#        V2\platform\STM32L1XX\hal.c" -D USE_STDPERIPH_DRIVER -D STM32L1XX_MD
#        -D SYSCLK_FREQ_HSI_32MHz -D ENABLE_USB -D ENABLE_USB_PRINTF -D
#        CLIENT=1 -lcN "C:\Users\Rex\Desktop\Github\trunk\Projects
#        V2\Project\BLE_Chat_Client\EWARM\Client\List\" --diag_suppress Pa050
#        -o "C:\Users\Rex\Desktop\Github\trunk\Projects
#        V2\Project\BLE_Chat_Client\EWARM\Client\Obj\" --debug --endian=little
#        --cpu=Cortex-M3 -e --fpu=None --dlib_config "C:\Program Files
#        (x86)\IAR Systems\Embedded Workbench
#        7.0\arm\INC\c\DLib_Config_Normal.h" -I
#        "C:\Users\Rex\Desktop\Github\trunk\Projects
#        V2\Project\BLE_Chat_Client\EWARM\..\inc\" -I
#        "C:\Users\Rex\Desktop\Github\trunk\Projects
#        V2\Project\BLE_Chat_Client\EWARM\..\..\..\Bluetooth
#        LE\SimpleBlueNRG_HCI\" -I "C:\Users\Rex\Desktop\Github\trunk\Projects
#        V2\Project\BLE_Chat_Client\EWARM\..\..\..\Bluetooth
#        LE\SimpleBlueNRG_HCI\includes\" -I
#        "C:\Users\Rex\Desktop\Github\trunk\Projects
#        V2\Project\BLE_Chat_Client\EWARM\..\..\..\platform\STM32L1XX\" -I
#        "C:\Users\Rex\Desktop\Github\trunk\Projects
#        V2\Project\BLE_Chat_Client\EWARM\..\..\..\platform\STM32L1XX\Libraries\"
#        -I "C:\Users\Rex\Desktop\Github\trunk\Projects
#        V2\Project\BLE_Chat_Client\EWARM\..\..\..\platform\STM32L1XX\Libraries\CMSIS\CM3\DeviceSupport\ST\STM32L1xx\"
#        -I "C:\Users\Rex\Desktop\Github\trunk\Projects
#        V2\Project\BLE_Chat_Client\EWARM\..\..\..\platform\STM32L1XX\Libraries\STM32_USB-FS-Device_Driver\inc\"
#        -I "C:\Users\Rex\Desktop\Github\trunk\Projects
#        V2\Project\BLE_Chat_Client\EWARM\..\..\..\platform\STM32L1XX\Libraries\STM32L1xx_StdPeriph_Driver\inc\"
#        -I "C:\Users\Rex\Desktop\Github\trunk\Projects
#        V2\Project\BLE_Chat_Client\EWARM\..\..\..\platform\STM32L1XX\Libraries\I2C\inc\"
#        -I "C:\Users\Rex\Desktop\Github\trunk\Projects
#        V2\Project\BLE_Chat_Client\EWARM\..\..\..\platform\STM32L1XX\Libraries\LIS3DH\inc\"
#        -I "C:\Users\Rex\Desktop\Github\trunk\Projects
#        V2\Project\BLE_Chat_Client\EWARM\..\..\..\platform\STM32L1XX\Libraries\STLM75\inc\"
#        -I "C:\Users\Rex\Desktop\Github\trunk\Projects
#        V2\Project\BLE_Chat_Client\EWARM\..\..\..\platform\STM32L1XX\Libraries\HTS221\inc\"
#        -I "C:\Users\Rex\Desktop\Github\trunk\Projects
#        V2\Project\BLE_Chat_Client\EWARM\..\..\..\platform\STM32L1XX\Libraries\LPS25H\inc\"
#        -I "C:\Users\Rex\Desktop\Github\trunk\Projects
#        V2\Project\BLE_Chat_Client\EWARM\..\..\..\platform\STM32L1XX\Libraries\SDK_Eval_STM32L\inc\"
#        -Ohs --use_c++_inline -I "C:\Program Files (x86)\IAR Systems\Embedded
#        Workbench 7.0\arm\CMSIS\Include\"
#    List file    =  
#        C:\Users\Rex\Desktop\Github\trunk\Projects
#        V2\Project\BLE_Chat_Client\EWARM\Client\List\hal.lst
#    Object file  =  
#        C:\Users\Rex\Desktop\Github\trunk\Projects
#        V2\Project\BLE_Chat_Client\EWARM\Client\Obj\hal.o
#
###############################################################################

C:\Users\Rex\Desktop\Github\trunk\Projects V2\platform\STM32L1XX\hal.c
      1          /******************** (C) COPYRIGHT 2012 STMicroelectronics ********************
      2          * File Name          : hal.c
      3          * Author             : AMS - HEA&RF BU
      4          * Version            : V1.0.0
      5          * Date               : 04-Oct-2013
      6          * Description        : Implementation of some APIs to access BlueNRG interface.
      7          ********************************************************************************
      8          * THE PRESENT FIRMWARE WHICH IS FOR GUIDANCE ONLY AIMS AT PROVIDING CUSTOMERS
      9          * WITH CODING INFORMATION REGARDING THEIR PRODUCTS IN ORDER FOR THEM TO SAVE TIME.
     10          * AS A RESULT, STMICROELECTRONICS SHALL NOT BE HELD LIABLE FOR ANY DIRECT,
     11          * INDIRECT OR CONSEQUENTIAL DAMAGES WITH RESPECT TO ANY CLAIMS ARISING FROM THE
     12          * CONTENT OF SUCH FIRMWARE AND/OR THE USE MADE BY CUSTOMERS OF THE CODING
     13          * INFORMATION CONTAINED HEREIN IN CONNECTION WITH THEIR PRODUCTS.
     14          *******************************************************************************/
     15          
     16          /******************************************************************************
     17           * Includes
     18           *****************************************************************************/
     19          #include <hal.h> 
     20          #include "platform_config.h"
     21          #include "stm32l1xx_rcc.h"
     22          #include "stm32l1xx_tim.h"
     23          #include "hw_config.h"
     24          #include "low_power.h"
     25          #include "misc.h"
     26          #include <hci.h>
     27          #include "gp_timer.h"
     28          
     29          #include "SDK_EVAL_Spi_Driver.h"
     30          
     31          /******************************************************************************
     32           * Macros
     33           *****************************************************************************/
     34          
     35          /******************************************************************************
     36           * Constants
     37           *****************************************************************************/
     38          
     39          /******************************************************************************
     40           * Types
     41           *****************************************************************************/
     42          
     43          /******************************************************************************
     44           * Local Function Prototypes
     45           *****************************************************************************/
     46          
     47          /******************************************************************************
     48           * Global Functions
     49           *****************************************************************************/
     50          
     51          void Hal_Write_Serial(const void* data1, const void* data2, uint16_t n_bytes1, uint16_t n_bytes2)
     52          {
     53              struct timer t;
     54                      
     55          	Timer_Set(&t, CLOCK_SECOND/10);
     56              
     57              while(1){
     58                if(BlueNRG_SPI_Write((uint8_t *)data1,(uint8_t *)data2, n_bytes1, n_bytes2)==0) break;
     59                if(Timer_Expired(&t)){
     60                    break;
     61                }
     62              }
     63          }
     64          
     65          
     66          
     67          /****************************************************************************/
     68          
     69          

   Maximum stack usage in bytes:

   .cstack Function
   ------- --------
      32   Hal_Write_Serial
        32   -> BlueNRG_SPI_Write
        32   -> Timer_Expired
        32   -> Timer_Set


   Section sizes:

   Bytes  Function/Label
   -----  --------------
      60  Hal_Write_Serial

 
 60 bytes in section .text
 
 60 bytes of CODE memory

Errors: none
Warnings: none
