###############################################################################
#
# IAR ANSI C/C++ Compiler V7.30.4.8167/W32 for ARM        20/Feb/2015  13:59:36
# Copyright 1999-2014 IAR Systems AB.
#
#    Cpu mode     =  thumb
#    Endian       =  little
#    Source file  =  
#        C:\School\2014 Fall\ECE 4900\Bluetooth Code\SVN\trunk\Projects
#        V2\Project\BLE_Chat_Client\src\push_button.c
#    Command line =  
#        "C:\School\2014 Fall\ECE 4900\Bluetooth Code\SVN\trunk\Projects
#        V2\Project\BLE_Chat_Client\src\push_button.c" -D USE_STDPERIPH_DRIVER
#        -D STM32L1XX_MD -D SYSCLK_FREQ_HSI_32MHz -D ENABLE_USB -D
#        ENABLE_USB_PRINTF -D CLIENT=1 -lcN "C:\School\2014 Fall\ECE
#        4900\Bluetooth Code\SVN\trunk\Projects
#        V2\Project\BLE_Chat_Client\EWARM\Client\List\" --diag_suppress Pa050
#        -o "C:\School\2014 Fall\ECE 4900\Bluetooth Code\SVN\trunk\Projects
#        V2\Project\BLE_Chat_Client\EWARM\Client\Obj\" --debug --endian=little
#        --cpu=Cortex-M3 -e --fpu=None --dlib_config "C:\Program Files
#        (x86)\IAR Systems\Embedded Workbench
#        7.0\arm\INC\c\DLib_Config_Normal.h" -I "C:\School\2014 Fall\ECE
#        4900\Bluetooth Code\SVN\trunk\Projects
#        V2\Project\BLE_Chat_Client\EWARM\..\inc\" -I "C:\School\2014 Fall\ECE
#        4900\Bluetooth Code\SVN\trunk\Projects
#        V2\Project\BLE_Chat_Client\EWARM\..\..\..\Bluetooth
#        LE\SimpleBlueNRG_HCI\" -I "C:\School\2014 Fall\ECE 4900\Bluetooth
#        Code\SVN\trunk\Projects
#        V2\Project\BLE_Chat_Client\EWARM\..\..\..\Bluetooth
#        LE\SimpleBlueNRG_HCI\includes\" -I "C:\School\2014 Fall\ECE
#        4900\Bluetooth Code\SVN\trunk\Projects
#        V2\Project\BLE_Chat_Client\EWARM\..\..\..\platform\STM32L1XX\" -I
#        "C:\School\2014 Fall\ECE 4900\Bluetooth Code\SVN\trunk\Projects
#        V2\Project\BLE_Chat_Client\EWARM\..\..\..\platform\STM32L1XX\Libraries\"
#        -I "C:\School\2014 Fall\ECE 4900\Bluetooth Code\SVN\trunk\Projects
#        V2\Project\BLE_Chat_Client\EWARM\..\..\..\platform\STM32L1XX\Libraries\CMSIS\CM3\DeviceSupport\ST\STM32L1xx\"
#        -I "C:\School\2014 Fall\ECE 4900\Bluetooth Code\SVN\trunk\Projects
#        V2\Project\BLE_Chat_Client\EWARM\..\..\..\platform\STM32L1XX\Libraries\STM32_USB-FS-Device_Driver\inc\"
#        -I "C:\School\2014 Fall\ECE 4900\Bluetooth Code\SVN\trunk\Projects
#        V2\Project\BLE_Chat_Client\EWARM\..\..\..\platform\STM32L1XX\Libraries\STM32L1xx_StdPeriph_Driver\inc\"
#        -I "C:\School\2014 Fall\ECE 4900\Bluetooth Code\SVN\trunk\Projects
#        V2\Project\BLE_Chat_Client\EWARM\..\..\..\platform\STM32L1XX\Libraries\I2C\inc\"
#        -I "C:\School\2014 Fall\ECE 4900\Bluetooth Code\SVN\trunk\Projects
#        V2\Project\BLE_Chat_Client\EWARM\..\..\..\platform\STM32L1XX\Libraries\LIS3DH\inc\"
#        -I "C:\School\2014 Fall\ECE 4900\Bluetooth Code\SVN\trunk\Projects
#        V2\Project\BLE_Chat_Client\EWARM\..\..\..\platform\STM32L1XX\Libraries\STLM75\inc\"
#        -I "C:\School\2014 Fall\ECE 4900\Bluetooth Code\SVN\trunk\Projects
#        V2\Project\BLE_Chat_Client\EWARM\..\..\..\platform\STM32L1XX\Libraries\HTS221\inc\"
#        -I "C:\School\2014 Fall\ECE 4900\Bluetooth Code\SVN\trunk\Projects
#        V2\Project\BLE_Chat_Client\EWARM\..\..\..\platform\STM32L1XX\Libraries\LPS25H\inc\"
#        -I "C:\School\2014 Fall\ECE 4900\Bluetooth Code\SVN\trunk\Projects
#        V2\Project\BLE_Chat_Client\EWARM\..\..\..\platform\STM32L1XX\Libraries\SDK_Eval_STM32L\inc\"
#        -Ohs --use_c++_inline -I "C:\Program Files (x86)\IAR Systems\Embedded
#        Workbench 7.0\arm\CMSIS\Include\"
#    List file    =  
#        C:\School\2014 Fall\ECE 4900\Bluetooth Code\SVN\trunk\Projects
#        V2\Project\BLE_Chat_Client\EWARM\Client\List\push_button.lst
#    Object file  =  
#        C:\School\2014 Fall\ECE 4900\Bluetooth Code\SVN\trunk\Projects
#        V2\Project\BLE_Chat_Client\EWARM\Client\Obj\push_button.o
#
###############################################################################

C:\School\2014 Fall\ECE 4900\Bluetooth Code\SVN\trunk\Projects V2\Project\BLE_Chat_Client\src\push_button.c
      1          #include "push_button.h"
      2          #include "stm32l1xx.h"
      3          #include "stm32l1xx_gpio.h"
      4          #include "stm32l1xx_exti.h"
      5          #include "led.h"
      6          
      7          boolean buttonOK = false;
      8          /*
      9            * @brief  Configures and initializes the user button
     10            * @param  None
     11            * @retval None
     12            */
     13          void initButton()
     14          {
     15            buttonOK = true;
     16            GPIO_InitTypeDef GPIO_Structure1;
     17            GPIO_Structure1.GPIO_Pin = BUTTON;
     18            GPIO_Structure1.GPIO_Mode = GPIO_Mode_IN;
     19            GPIO_Structure1.GPIO_Speed = GPIO_Speed_40MHz;                //Set GPIO speed to 40MHz
     20            GPIO_Init(GPIOC, &GPIO_Structure1);
     21          }
     22          
     23          
     24          /*
     25            * @brief  Enables the user button interrupt
     26            * @param  None
     27            * @retval None
     28            */
     29          void enableButtonInterrupt()
     30          {
     31            SYSCFG_EXTILineConfig(EXTI_PortSourceGPIOC, EXTI_PinSource6);
     32            EXTI_InitTypeDef EXTI_InitStruct1;
     33            NVIC_InitTypeDef NVIC_InitStruct1;
     34          
     35            EXTI_InitStruct1.EXTI_Line = EXTI_Line6;
     36            EXTI_InitStruct1.EXTI_Mode = EXTI_Mode_Interrupt;
     37            EXTI_InitStruct1.EXTI_Trigger = EXTI_Trigger_Rising;
     38            EXTI_InitStruct1.EXTI_LineCmd = ENABLE;
     39            EXTI_StructInit(&EXTI_InitStruct1);
     40          
     41            NVIC_InitStruct1.NVIC_IRQChannel = EXTI9_5_IRQn ;
     42            NVIC_InitStruct1.NVIC_IRQChannelPreemptionPriority = 0x0f;
     43            NVIC_InitStruct1.NVIC_IRQChannelSubPriority = 0x0f;
     44            NVIC_InitStruct1.NVIC_IRQChannelCmd = ENABLE;
     45            NVIC_Init(&NVIC_InitStruct1);
     46          }
     47          
     48          
     49          /**
     50            * @brief  Button interrupt handler
     51            * @param  None
     52            * @retval None
     53            */
     54          void EXTI9_5_IRQHandler(void)
     55          {
     56            GPIO_ToggleBits(GPIOC, LED3);
     57              if ( EXTI_GetITStatus(EXTI_Line6) != RESET)
     58              {
     59                  EXTI_ClearITPendingBit(EXTI_Line6);
     60                  
     61                  //Code goes here
     62                  
     63              }
     64          }

   Maximum stack usage in bytes:

   .cstack Function
   ------- --------
       8   EXTI9_5_IRQHandler
         0   -> EXTI_ClearITPendingBit
         8   -> EXTI_GetITStatus
         8   -> GPIO_ToggleBits
      16   enableButtonInterrupt
        16   -> EXTI_StructInit
        16   -> NVIC_Init
        16   -> SYSCFG_EXTILineConfig
      16   initButton
        16   -> GPIO_Init


   Section sizes:

   Bytes  Function/Label
   -----  --------------
       4  ??DataTable1
       4  ??DataTable1_1
      36  EXTI9_5_IRQHandler
       4  buttonOK
      72  enableButtonInterrupt
      38  initButton

 
   4 bytes in section .bss
 154 bytes in section .text
 
 154 bytes of CODE memory
   4 bytes of DATA memory

Errors: none
Warnings: none
