###############################################################################
#
# IAR ANSI C/C++ Compiler V7.30.4.8167/W32 for ARM        17/Feb/2015  12:12:21
# Copyright 1999-2014 IAR Systems AB.
#
#    Cpu mode     =  thumb
#    Endian       =  little
#    Source file  =  
#        C:\School\2014 Fall\ECE 4900\Bluetooth Code\Projects
#        V2\Project\BLE_Chat_Client\src\slave_devices.c
#    Command line =  
#        "C:\School\2014 Fall\ECE 4900\Bluetooth Code\Projects
#        V2\Project\BLE_Chat_Client\src\slave_devices.c" -D
#        USE_STDPERIPH_DRIVER -D STM32L1XX_MD -D SYSCLK_FREQ_HSI_32MHz -D
#        ENABLE_USB -D ENABLE_USB_PRINTF -D CLIENT=1 -lcN "C:\School\2014
#        Fall\ECE 4900\Bluetooth Code\Projects
#        V2\Project\BLE_Chat_Client\EWARM\Client\List\" --diag_suppress Pa050
#        -o "C:\School\2014 Fall\ECE 4900\Bluetooth Code\Projects
#        V2\Project\BLE_Chat_Client\EWARM\Client\Obj\" --debug --endian=little
#        --cpu=Cortex-M3 -e --fpu=None --dlib_config "C:\Program Files
#        (x86)\IAR Systems\Embedded Workbench
#        7.0\arm\INC\c\DLib_Config_Normal.h" -I "C:\School\2014 Fall\ECE
#        4900\Bluetooth Code\Projects V2\Project\BLE_Chat_Client\EWARM\..\inc\"
#        -I "C:\School\2014 Fall\ECE 4900\Bluetooth Code\Projects
#        V2\Project\BLE_Chat_Client\EWARM\..\..\..\Bluetooth
#        LE\SimpleBlueNRG_HCI\" -I "C:\School\2014 Fall\ECE 4900\Bluetooth
#        Code\Projects V2\Project\BLE_Chat_Client\EWARM\..\..\..\Bluetooth
#        LE\SimpleBlueNRG_HCI\includes\" -I "C:\School\2014 Fall\ECE
#        4900\Bluetooth Code\Projects
#        V2\Project\BLE_Chat_Client\EWARM\..\..\..\platform\STM32L1XX\" -I
#        "C:\School\2014 Fall\ECE 4900\Bluetooth Code\Projects
#        V2\Project\BLE_Chat_Client\EWARM\..\..\..\platform\STM32L1XX\Libraries\"
#        -I "C:\School\2014 Fall\ECE 4900\Bluetooth Code\Projects
#        V2\Project\BLE_Chat_Client\EWARM\..\..\..\platform\STM32L1XX\Libraries\CMSIS\CM3\DeviceSupport\ST\STM32L1xx\"
#        -I "C:\School\2014 Fall\ECE 4900\Bluetooth Code\Projects
#        V2\Project\BLE_Chat_Client\EWARM\..\..\..\platform\STM32L1XX\Libraries\STM32_USB-FS-Device_Driver\inc\"
#        -I "C:\School\2014 Fall\ECE 4900\Bluetooth Code\Projects
#        V2\Project\BLE_Chat_Client\EWARM\..\..\..\platform\STM32L1XX\Libraries\STM32L1xx_StdPeriph_Driver\inc\"
#        -I "C:\School\2014 Fall\ECE 4900\Bluetooth Code\Projects
#        V2\Project\BLE_Chat_Client\EWARM\..\..\..\platform\STM32L1XX\Libraries\I2C\inc\"
#        -I "C:\School\2014 Fall\ECE 4900\Bluetooth Code\Projects
#        V2\Project\BLE_Chat_Client\EWARM\..\..\..\platform\STM32L1XX\Libraries\LIS3DH\inc\"
#        -I "C:\School\2014 Fall\ECE 4900\Bluetooth Code\Projects
#        V2\Project\BLE_Chat_Client\EWARM\..\..\..\platform\STM32L1XX\Libraries\STLM75\inc\"
#        -I "C:\School\2014 Fall\ECE 4900\Bluetooth Code\Projects
#        V2\Project\BLE_Chat_Client\EWARM\..\..\..\platform\STM32L1XX\Libraries\HTS221\inc\"
#        -I "C:\School\2014 Fall\ECE 4900\Bluetooth Code\Projects
#        V2\Project\BLE_Chat_Client\EWARM\..\..\..\platform\STM32L1XX\Libraries\LPS25H\inc\"
#        -I "C:\School\2014 Fall\ECE 4900\Bluetooth Code\Projects
#        V2\Project\BLE_Chat_Client\EWARM\..\..\..\platform\STM32L1XX\Libraries\SDK_Eval_STM32L\inc\"
#        -Ohs --use_c++_inline -I "C:\Program Files (x86)\IAR Systems\Embedded
#        Workbench 7.0\arm\CMSIS\Include\"
#    List file    =  
#        C:\School\2014 Fall\ECE 4900\Bluetooth Code\Projects
#        V2\Project\BLE_Chat_Client\EWARM\Client\List\slave_devices.lst
#    Object file  =  
#        C:\School\2014 Fall\ECE 4900\Bluetooth Code\Projects
#        V2\Project\BLE_Chat_Client\EWARM\Client\Obj\slave_devices.o
#
###############################################################################

C:\School\2014 Fall\ECE 4900\Bluetooth Code\Projects V2\Project\BLE_Chat_Client\src\slave_devices.c
      1          #include "slave_devices.h"
      2          #include "flags.h"
      3          #include <string.h>
      4          #include <stdio.h>
      5          
      6          
      7          /* Slave devices */
      8          sDevice slave1,slave2;
      9          sDevice slaves[2];
     10          
     11          /* Slave device addresses */
     12          const int num_slaves = 2;
     13          const tBDAddr slave1_addr = {0xaa, 0x00, 0x00, 0xE1, 0x80, 0x02};
     14          const tBDAddr slave2_addr = {0xcc, 0x00, 0x00, 0xE1, 0x80, 0x02};
     15          
     16          /**
     17            * @brief  Initializes the slaves array with the corresponding addresses
     18            * @param  None 
     19            * @retval None
     20            */
     21          void initDevices(void)
     22          {
     23            memcpy(slave1.bdaddr,slave1_addr,sizeof(tBDAddr));
     24            memcpy(slave2.bdaddr,slave2_addr,sizeof(tBDAddr));
     25            slaves[0] = slave1;
     26            slaves[1] = slave2;
     27            
     28            uint8_t size = sizeof(slaves)/sizeof(sDevice);
     29            initFlags(size);
     30            
     31          }

   Maximum stack usage in bytes:

   .cstack Function
   ------- --------
       8   initDevices
         8   -> __aeabi_memcpy
         8   -> __aeabi_memcpy4
         0   -> initFlags


   Section sizes:

   Bytes  Function/Label
   -----  --------------
       4  ??DataTable3
      68  initDevices
       4  num_slaves
       8  slave1_addr
       8  slave2_addr
      48  slaves
          slave1
          slave2

 
 48 bytes in section .bss
  4 bytes in section .rodata
 88 bytes in section .text
 
 88 bytes of CODE  memory
  4 bytes of CONST memory
 48 bytes of DATA  memory

Errors: none
Warnings: none
