###############################################################################
#
# IAR ANSI C/C++ Compiler V7.30.4.8167/W32 for ARM        17/Mar/2015  11:49:00
# Copyright 1999-2014 IAR Systems AB.
#
#    Cpu mode     =  thumb
#    Endian       =  little
#    Source file  =  
#        C:\School\2014 Fall\ECE 4900\Bluetooth Code\SVN\trunk\Projects
#        V2\Bluetooth LE\SimpleBlueNRG_HCI\hci\controller\bluenrg_l2cap_aci.c
#    Command line =  
#        "C:\School\2014 Fall\ECE 4900\Bluetooth Code\SVN\trunk\Projects
#        V2\Bluetooth LE\SimpleBlueNRG_HCI\hci\controller\bluenrg_l2cap_aci.c"
#        -D USE_STDPERIPH_DRIVER -D STM32L1XX_MD -D SYSCLK_FREQ_HSI_32MHz -D
#        ENABLE_USB -D ENABLE_USB_PRINTF -D SERVER=1 -lcN "C:\School\2014
#        Fall\ECE 4900\Bluetooth Code\SVN\trunk\Projects
#        V2\Project\BLE_Chat_Server 2\EWARM\Server\List\" --diag_suppress Pa050
#        -o "C:\School\2014 Fall\ECE 4900\Bluetooth Code\SVN\trunk\Projects
#        V2\Project\BLE_Chat_Server 2\EWARM\Server\Obj\" --debug
#        --endian=little --cpu=Cortex-M3 -e --fpu=None --dlib_config
#        "C:\Program Files (x86)\IAR Systems\Embedded Workbench
#        7.0\arm\INC\c\DLib_Config_Normal.h" -I "C:\School\2014 Fall\ECE
#        4900\Bluetooth Code\SVN\trunk\Projects V2\Project\BLE_Chat_Server
#        2\EWARM\..\inc\" -I "C:\School\2014 Fall\ECE 4900\Bluetooth
#        Code\SVN\trunk\Projects V2\Project\BLE_Chat_Server
#        2\EWARM\..\..\..\Bluetooth LE\SimpleBlueNRG_HCI\" -I "C:\School\2014
#        Fall\ECE 4900\Bluetooth Code\SVN\trunk\Projects
#        V2\Project\BLE_Chat_Server 2\EWARM\..\..\..\Bluetooth
#        LE\SimpleBlueNRG_HCI\includes\" -I "C:\School\2014 Fall\ECE
#        4900\Bluetooth Code\SVN\trunk\Projects V2\Project\BLE_Chat_Server
#        2\EWARM\..\..\..\platform\STM32L1XX\" -I "C:\School\2014 Fall\ECE
#        4900\Bluetooth Code\SVN\trunk\Projects V2\Project\BLE_Chat_Server
#        2\EWARM\..\..\..\platform\STM32L1XX\Libraries\" -I "C:\School\2014
#        Fall\ECE 4900\Bluetooth Code\SVN\trunk\Projects
#        V2\Project\BLE_Chat_Server
#        2\EWARM\..\..\..\platform\STM32L1XX\Libraries\CMSIS\CM3\DeviceSupport\ST\STM32L1xx\"
#        -I "C:\School\2014 Fall\ECE 4900\Bluetooth Code\SVN\trunk\Projects
#        V2\Project\BLE_Chat_Server
#        2\EWARM\..\..\..\platform\STM32L1XX\Libraries\STM32_USB-FS-Device_Driver\inc\"
#        -I "C:\School\2014 Fall\ECE 4900\Bluetooth Code\SVN\trunk\Projects
#        V2\Project\BLE_Chat_Server
#        2\EWARM\..\..\..\platform\STM32L1XX\Libraries\STM32L1xx_StdPeriph_Driver\inc\"
#        -I "C:\School\2014 Fall\ECE 4900\Bluetooth Code\SVN\trunk\Projects
#        V2\Project\BLE_Chat_Server
#        2\EWARM\..\..\..\platform\STM32L1XX\Libraries\I2C\inc\" -I
#        "C:\School\2014 Fall\ECE 4900\Bluetooth Code\SVN\trunk\Projects
#        V2\Project\BLE_Chat_Server
#        2\EWARM\..\..\..\platform\STM32L1XX\Libraries\LIS3DH\inc\" -I
#        "C:\School\2014 Fall\ECE 4900\Bluetooth Code\SVN\trunk\Projects
#        V2\Project\BLE_Chat_Server
#        2\EWARM\..\..\..\platform\STM32L1XX\Libraries\STLM75\inc\" -I
#        "C:\School\2014 Fall\ECE 4900\Bluetooth Code\SVN\trunk\Projects
#        V2\Project\BLE_Chat_Server
#        2\EWARM\..\..\..\platform\STM32L1XX\Libraries\HTS221\inc\" -I
#        "C:\School\2014 Fall\ECE 4900\Bluetooth Code\SVN\trunk\Projects
#        V2\Project\BLE_Chat_Server
#        2\EWARM\..\..\..\platform\STM32L1XX\Libraries\LPS25H\inc\" -I
#        "C:\School\2014 Fall\ECE 4900\Bluetooth Code\SVN\trunk\Projects
#        V2\Project\BLE_Chat_Server
#        2\EWARM\..\..\..\platform\STM32L1XX\Libraries\SDK_Eval_STM32L\inc\"
#        -Ohs --use_c++_inline -I "C:\Program Files (x86)\IAR Systems\Embedded
#        Workbench 7.0\arm\CMSIS\Include\"
#    List file    =  
#        C:\School\2014 Fall\ECE 4900\Bluetooth Code\SVN\trunk\Projects
#        V2\Project\BLE_Chat_Server 2\EWARM\Server\List\bluenrg_l2cap_aci.lst
#    Object file  =  
#        C:\School\2014 Fall\ECE 4900\Bluetooth Code\SVN\trunk\Projects
#        V2\Project\BLE_Chat_Server 2\EWARM\Server\Obj\bluenrg_l2cap_aci.o
#
###############################################################################

C:\School\2014 Fall\ECE 4900\Bluetooth Code\SVN\trunk\Projects V2\Bluetooth LE\SimpleBlueNRG_HCI\hci\controller\bluenrg_l2cap_aci.c
      1          /******************** (C) COPYRIGHT 2013 STMicroelectronics ********************
      2          * File Name          : bluenrg_hci.c
      3          * Author             : AMS - HEA&RF BU
      4          * Version            : V1.0.0
      5          * Date               : 4-Oct-2013
      6          * Description        : File with HCI commands for BlueNRG FW6.0 and above.
      7          ********************************************************************************
      8          * THE PRESENT FIRMWARE WHICH IS FOR GUIDANCE ONLY AIMS AT PROVIDING CUSTOMERS
      9          * WITH CODING INFORMATION REGARDING THEIR PRODUCTS IN ORDER FOR THEM TO SAVE TIME.
     10          * AS A RESULT, STMICROELECTRONICS SHALL NOT BE HELD LIABLE FOR ANY DIRECT,
     11          * INDIRECT OR CONSEQUENTIAL DAMAGES WITH RESPECT TO ANY CLAIMS ARISING FROM THE
     12          * CONTENT OF SUCH FIRMWARE AND/OR THE USE MADE BY CUSTOMERS OF THE CODING
     13          * INFORMATION CONTAINED HEREIN IN CONNECTION WITH THEIR PRODUCTS.
     14          *******************************************************************************/
     15          
     16          #include "hal_types.h"
     17          #include "osal.h"
     18          #include "ble_status.h"
     19          #include "hal.h"
     20          #include "osal.h"
     21          #include "hci_const.h"
     22          #include "bluenrg_aci_const.h"
     23          #include "bluenrg_hal_aci.h"
     24          #include "gap.h"
     25          
     26          #define MIN(a,b)            ((a) < (b) )? (a) : (b)
     27          #define MAX(a,b)            ((a) > (b) )? (a) : (b)
     28          
     29          tBleStatus aci_l2cap_connection_parameter_update_request(uint16_t conn_handle, uint16_t interval_min,
     30          							 uint16_t interval_max, uint16_t slave_latency,
     31          							 uint16_t timeout_multiplier)
     32          {
     33            struct hci_request rq;
     34            uint8_t status;
     35            l2cap_conn_param_update_req_cp cp;
     36          
     37            cp.conn_handle = htobs(conn_handle);
     38            cp.interval_min = htobs(interval_min);
     39            cp.interval_max = htobs(interval_max);
     40            cp.slave_latency = htobs(slave_latency);
     41            cp.timeout_multiplier = htobs(timeout_multiplier);
     42          
     43            Osal_MemSet(&rq, 0, sizeof(rq));
     44            rq.ogf = OGF_VENDOR_CMD;
     45            rq.ocf = OCF_L2CAP_CONN_PARAM_UPDATE_REQ;
     46            rq.cparam = &cp;
     47            rq.clen = L2CAP_CONN_PARAM_UPDATE_REQ_CP_SIZE;
     48            rq.event = EVT_CMD_STATUS;
     49            rq.rparam = &status;
     50            rq.rlen = 1;
     51          
     52            if (hci_send_req(&rq, FALSE) < 0)
     53              return BLE_STATUS_TIMEOUT;
     54            
     55            return status;  
     56          }
     57          
     58          tBleStatus aci_l2cap_connection_parameter_update_response(uint16_t conn_handle, uint16_t interval_min,
     59          							 uint16_t interval_max, uint16_t slave_latency,
     60          							 uint16_t timeout_multiplier, uint8_t id, uint8_t accept)
     61          {
     62            struct hci_request rq;
     63            uint8_t status;
     64            l2cap_conn_param_update_resp_cp cp;
     65          
     66            cp.conn_handle = htobs(conn_handle);
     67            cp.interval_min = htobs(interval_min);
     68            cp.interval_max = htobs(interval_max);
     69            cp.slave_latency = htobs(slave_latency);
     70            cp.timeout_multiplier = htobs(timeout_multiplier);
     71            cp.id = id;
     72            cp.accept = accept;
     73          
     74            Osal_MemSet(&rq, 0, sizeof(rq));
     75            rq.ogf = OGF_VENDOR_CMD;
     76            rq.ocf = OCF_L2CAP_CONN_PARAM_UPDATE_RESP;
     77            rq.cparam = &cp;
     78            rq.clen = L2CAP_CONN_PARAM_UPDATE_RESP_CP_SIZE;
     79            rq.rparam = &status;
     80            rq.rlen = 1;
     81          
     82            if (hci_send_req(&rq, FALSE) < 0)
     83              return BLE_STATUS_TIMEOUT;
     84          
     85            return status;
     86          }
     87          
     88          
     89          

   Maximum stack usage in bytes:

   .cstack Function
   ------- --------
      48   aci_l2cap_connection_parameter_update_request
        48   -> Osal_MemSet
        48   -> hci_send_req
      48   aci_l2cap_connection_parameter_update_response
        48   -> Osal_MemSet
        48   -> hci_send_req


   Section sizes:

   Bytes  Function/Label
   -----  --------------
      92  aci_l2cap_connection_parameter_update_request
     100  aci_l2cap_connection_parameter_update_response

 
 192 bytes in section .text
 
 192 bytes of CODE memory

Errors: none
Warnings: none
